<?xml version="1.0" encoding="UTF-8"?>
<!-- Generated by org.testng.reporters.JUnitXMLReporter -->
<testsuite ignored="0" hostname="LAPTOP-O877SD89" failures="3" tests="39" name="SmokeTest with firefox" time="148.748" errors="0" timestamp="2025-11-08T20:30:02 IST">
  <testcase classname="keralaTourismAutomationPlaywrightJava.ResponsiveUITesting" name="verifyResponsiveLayouts" time="11.179"/>
  <testcase classname="keralaTourismAutomationPlaywrightJava.ResponsiveUITesting" name="verifyResponsiveLayouts" time="2.962"/>
  <testcase classname="keralaTourismAutomationPlaywrightJava.ResponsiveUITesting" name="verifyResponsiveLayouts" time="2.666"/>
  <testcase classname="keralaTourismAutomationPlaywrightJava.ResponsiveUITesting" name="verifyResponsiveLayouts" time="3.136"/>
  <testcase classname="keralaTourismAutomationPlaywrightJava.BasicSmokeTesting" name="HomePageValidation" time="0.941"/>
  <testcase classname="keralaTourismAutomationPlaywrightJava.BasicSmokeTesting" name="basicNavigationThroughMainMenu" time="30.043">
    <failure type="com.microsoft.playwright.TimeoutError" message="Error {
  message=&amp;apos;Timeout 30000ms exceeded.
  name=&amp;apos;TimeoutError
  stack=&amp;apos;TimeoutError: Timeout 30000ms exceeded.
    at ProgressController.run (C:\Users\GIRISH\AppData\Local\Temp\playwright-java-12640980121284669566\package\lib\server\progress.js:75:26)
    at Frame.click (C:\Users\GIRISH\AppData\Local\Temp\playwright-java-12640980121284669566\package\lib\server\frames.js:1022:23)
    at FrameDispatcher.click (C:\Users\GIRISH\AppData\Local\Temp\playwright-java-12640980121284669566\package\lib\server\dispatchers\frameDispatcher.js:158:30)
    at FrameDispatcher._handleCommand (C:\Users\GIRISH\AppData\Local\Temp\playwright-java-12640980121284669566\package\lib\server\dispatchers\dispatcher.js:94:40)
    at DispatcherConnection.dispatch (C:\Users\GIRISH\AppData\Local\Temp\playwright-java-12640980121284669566\package\lib\server\dispatchers\dispatcher.js:361:39)
}
Call log:
-   - waiting for locator(&amp;quot;nav.navbar a[href=&amp;apos;index.html&amp;apos;]&amp;quot;)
">
      <![CDATA[com.microsoft.playwright.TimeoutError: Error {
  message='Timeout 30000ms exceeded.
  name='TimeoutError
  stack='TimeoutError: Timeout 30000ms exceeded.
    at ProgressController.run (C:\Users\GIRISH\AppData\Local\Temp\playwright-java-12640980121284669566\package\lib\server\progress.js:75:26)
    at Frame.click (C:\Users\GIRISH\AppData\Local\Temp\playwright-java-12640980121284669566\package\lib\server\frames.js:1022:23)
    at FrameDispatcher.click (C:\Users\GIRISH\AppData\Local\Temp\playwright-java-12640980121284669566\package\lib\server\dispatchers\frameDispatcher.js:158:30)
    at FrameDispatcher._handleCommand (C:\Users\GIRISH\AppData\Local\Temp\playwright-java-12640980121284669566\package\lib\server\dispatchers\dispatcher.js:94:40)
    at DispatcherConnection.dispatch (C:\Users\GIRISH\AppData\Local\Temp\playwright-java-12640980121284669566\package\lib\server\dispatchers\dispatcher.js:361:39)
}
Call log:
-   - waiting for locator("nav.navbar a[href='index.html']")

at com.microsoft.playwright.impl.WaitableResult.get(WaitableResult.java:52)
at com.microsoft.playwright.impl.ChannelOwner.runUntil(ChannelOwner.java:132)
at com.microsoft.playwright.impl.Connection.sendMessage(Connection.java:130)
at com.microsoft.playwright.impl.ChannelOwner.sendMessage(ChannelOwner.java:118)
at com.microsoft.playwright.impl.FrameImpl.clickImpl(FrameImpl.java:252)
at com.microsoft.playwright.impl.FrameImpl.lambda$click$8(FrameImpl.java:243)
at com.microsoft.playwright.impl.LoggingSupport.lambda$withLogging$0(LoggingSupport.java:36)
at com.microsoft.playwright.impl.LoggingSupport.withLogging(LoggingSupport.java:47)
at com.microsoft.playwright.impl.ChannelOwner.withLogging(ChannelOwner.java:97)
at com.microsoft.playwright.impl.LoggingSupport.withLogging(LoggingSupport.java:35)
at com.microsoft.playwright.impl.FrameImpl.click(FrameImpl.java:243)
at com.microsoft.playwright.impl.LocatorImpl.click(LocatorImpl.java:175)
at com.microsoft.playwright.Locator.click(Locator.java:2493)
at keralaTourismAutomationPlaywrightJava.BasicSmokeTesting.basicNavigationThroughMainMenu(BasicSmokeTesting.java:38)
at java.base/java.util.ArrayList.forEach(ArrayList.java:1596)
Caused by: com.microsoft.playwright.TimeoutError: Error {
  message='Timeout 30000ms exceeded.
  name='TimeoutError
  stack='TimeoutError: Timeout 30000ms exceeded.
    at ProgressController.run (C:\Users\GIRISH\AppData\Local\Temp\playwright-java-12640980121284669566\package\lib\server\progress.js:75:26)
    at Frame.click (C:\Users\GIRISH\AppData\Local\Temp\playwright-java-12640980121284669566\package\lib\server\frames.js:1022:23)
    at FrameDispatcher.click (C:\Users\GIRISH\AppData\Local\Temp\playwright-java-12640980121284669566\package\lib\server\dispatchers\frameDispatcher.js:158:30)
    at FrameDispatcher._handleCommand (C:\Users\GIRISH\AppData\Local\Temp\playwright-java-12640980121284669566\package\lib\server\dispatchers\dispatcher.js:94:40)
    at DispatcherConnection.dispatch (C:\Users\GIRISH\AppData\Local\Temp\playwright-java-12640980121284669566\package\lib\server\dispatchers\dispatcher.js:361:39)
}
Call log:
-   - waiting for locator("nav.navbar a[href='index.html']")

at com.microsoft.playwright.impl.Connection.dispatch(Connection.java:254)
at com.microsoft.playwright.impl.Connection.processOneMessage(Connection.java:211)
at com.microsoft.playwright.impl.ChannelOwner.runUntil(ChannelOwner.java:130)
... 38 more
... Removed 25 stack frames]]>
    </failure>
  </testcase> <!-- basicNavigationThroughMainMenu -->
  <testcase classname="keralaTourismAutomationPlaywrightJava.BasicSmokeTesting" name="validatingExplorePage" time="1.215"/>
  <testcase classname="keralaTourismAutomationPlaywrightJava.BasicSmokeTesting" name="validateIndividualDistrictPages" time="2.324"/>
  <testcase classname="keralaTourismAutomationPlaywrightJava.BasicSmokeTesting" name="validateIndividualDistrictPages" time="1.005"/>
  <testcase classname="keralaTourismAutomationPlaywrightJava.BasicSmokeTesting" name="validateIndividualDistrictPages" time="1.795"/>
  <testcase classname="keralaTourismAutomationPlaywrightJava.BasicSmokeTesting" name="validateIndividualDistrictPages" time="1.191"/>
  <testcase classname="keralaTourismAutomationPlaywrightJava.BasicSmokeTesting" name="validateIndividualDistrictPages" time="6.28">
    <failure type="org.opentest4j.AssertionFailedError" message="Page title expected to be: kollam
Received: dist-name

Call log:
  - Locator.expect with timeout 5000ms
  - waiting for locator(&amp;quot;:root&amp;quot;)
    9 × locator resolved to &amp;lt;html lang=&amp;quot;en&amp;quot;&amp;gt;…&amp;lt;/html&amp;gt;
      - unexpected value &amp;quot;dist-name&amp;quot;">
      <![CDATA[org.opentest4j.AssertionFailedError: Page title expected to be: kollam
Received: dist-name

Call log:
  - Locator.expect with timeout 5000ms
  - waiting for locator(":root")
    9 × locator resolved to <html lang="en">…</html>
      - unexpected value "dist-name"
at com.microsoft.playwright.impl.AssertionsBase.expectImpl(AssertionsBase.java:74)
at com.microsoft.playwright.impl.AssertionsBase.expectImpl(AssertionsBase.java:51)
at com.microsoft.playwright.impl.AssertionsBase.expectImpl(AssertionsBase.java:42)
at com.microsoft.playwright.impl.PageAssertionsImpl.hasTitle(PageAssertionsImpl.java:45)
at com.microsoft.playwright.assertions.PageAssertions.hasTitle(PageAssertions.java:103)
at keralaTourismAutomationPlaywrightJava.BasicSmokeTesting.validateIndividualDistrictPages(BasicSmokeTesting.java:106)
at java.base/java.util.ArrayList.forEach(ArrayList.java:1596)
... Removed 25 stack frames]]>
    </failure>
  </testcase> <!-- validateIndividualDistrictPages -->
  <testcase classname="keralaTourismAutomationPlaywrightJava.BasicSmokeTesting" name="validateIndividualDistrictPages" time="2.284"/>
  <testcase classname="keralaTourismAutomationPlaywrightJava.BasicSmokeTesting" name="validateIndividualDistrictPages" time="1.41"/>
  <testcase classname="keralaTourismAutomationPlaywrightJava.BasicSmokeTesting" name="validateIndividualDistrictPages" time="2.081"/>
  <testcase classname="keralaTourismAutomationPlaywrightJava.BasicSmokeTesting" name="validateIndividualDistrictPages" time="6.358"/>
  <testcase classname="keralaTourismAutomationPlaywrightJava.BasicSmokeTesting" name="validateIndividualDistrictPages" time="1.48"/>
  <testcase classname="keralaTourismAutomationPlaywrightJava.BasicSmokeTesting" name="validateIndividualDistrictPages" time="2.321"/>
  <testcase classname="keralaTourismAutomationPlaywrightJava.BasicSmokeTesting" name="validateIndividualDistrictPages" time="1.456"/>
  <testcase classname="keralaTourismAutomationPlaywrightJava.BasicSmokeTesting" name="validateIndividualDistrictPages" time="2.183"/>
  <testcase classname="keralaTourismAutomationPlaywrightJava.BasicSmokeTesting" name="validateIndividualDistrictPages" time="2.258"/>
  <testcase classname="keralaTourismAutomationPlaywrightJava.BasicSmokeTesting" name="validatingLoginPage" time="0.736"/>
  <testcase classname="keralaTourismAutomationPlaywrightJava.BasicSmokeTesting" name="validatingSignupPage" time="0.354"/>
  <testcase classname="keralaTourismAutomationPlaywrightJava.E2EUserJourney" name="verifyHomePageTitle" time="1.495"/>
  <testcase classname="keralaTourismAutomationPlaywrightJava.E2EUserJourney" name="performSignUp" time="30.144">
    <failure type="com.microsoft.playwright.TimeoutError" message="Error {
  message=&amp;apos;Timeout 30000ms exceeded.
  name=&amp;apos;TimeoutError
  stack=&amp;apos;TimeoutError: Timeout 30000ms exceeded.
    at ProgressController.run (C:\Users\GIRISH\AppData\Local\Temp\playwright-java-12640980121284669566\package\lib\server\progress.js:75:26)
    at Frame.fill (C:\Users\GIRISH\AppData\Local\Temp\playwright-java-12640980121284669566\package\lib\server\frames.js:1072:23)
    at FrameDispatcher.fill (C:\Users\GIRISH\AppData\Local\Temp\playwright-java-12640980121284669566\package\lib\server\dispatchers\frameDispatcher.js:170:30)
    at FrameDispatcher._handleCommand (C:\Users\GIRISH\AppData\Local\Temp\playwright-java-12640980121284669566\package\lib\server\dispatchers\dispatcher.js:94:40)
    at DispatcherConnection.dispatch (C:\Users\GIRISH\AppData\Local\Temp\playwright-java-12640980121284669566\package\lib\server\dispatchers\dispatcher.js:361:39)
}
Call log:
-   - waiting for locator(&amp;quot;//input[@name=&amp;apos;email&amp;apos;]&amp;quot;)
">
      <![CDATA[com.microsoft.playwright.TimeoutError: Error {
  message='Timeout 30000ms exceeded.
  name='TimeoutError
  stack='TimeoutError: Timeout 30000ms exceeded.
    at ProgressController.run (C:\Users\GIRISH\AppData\Local\Temp\playwright-java-12640980121284669566\package\lib\server\progress.js:75:26)
    at Frame.fill (C:\Users\GIRISH\AppData\Local\Temp\playwright-java-12640980121284669566\package\lib\server\frames.js:1072:23)
    at FrameDispatcher.fill (C:\Users\GIRISH\AppData\Local\Temp\playwright-java-12640980121284669566\package\lib\server\dispatchers\frameDispatcher.js:170:30)
    at FrameDispatcher._handleCommand (C:\Users\GIRISH\AppData\Local\Temp\playwright-java-12640980121284669566\package\lib\server\dispatchers\dispatcher.js:94:40)
    at DispatcherConnection.dispatch (C:\Users\GIRISH\AppData\Local\Temp\playwright-java-12640980121284669566\package\lib\server\dispatchers\dispatcher.js:361:39)
}
Call log:
-   - waiting for locator("//input[@name='email']")

at com.microsoft.playwright.impl.WaitableResult.get(WaitableResult.java:52)
at com.microsoft.playwright.impl.ChannelOwner.runUntil(ChannelOwner.java:132)
at com.microsoft.playwright.impl.Connection.sendMessage(Connection.java:130)
at com.microsoft.playwright.impl.ChannelOwner.sendMessage(ChannelOwner.java:118)
at com.microsoft.playwright.impl.FrameImpl.fillImpl(FrameImpl.java:335)
at com.microsoft.playwright.impl.FrameImpl.lambda$fill$14(FrameImpl.java:325)
at com.microsoft.playwright.impl.LoggingSupport.lambda$withLogging$0(LoggingSupport.java:36)
at com.microsoft.playwright.impl.LoggingSupport.withLogging(LoggingSupport.java:47)
at com.microsoft.playwright.impl.ChannelOwner.withLogging(ChannelOwner.java:97)
at com.microsoft.playwright.impl.LoggingSupport.withLogging(LoggingSupport.java:35)
at com.microsoft.playwright.impl.FrameImpl.fill(FrameImpl.java:325)
at com.microsoft.playwright.impl.LocatorImpl.fill(LocatorImpl.java:250)
at com.microsoft.playwright.Locator.fill(Locator.java:3075)
at keralaTourismAutomationPlaywrightJava.E2EUserJourney.performSignUp(E2EUserJourney.java:29)
at java.base/java.util.ArrayList.forEach(ArrayList.java:1596)
Caused by: com.microsoft.playwright.TimeoutError: Error {
  message='Timeout 30000ms exceeded.
  name='TimeoutError
  stack='TimeoutError: Timeout 30000ms exceeded.
    at ProgressController.run (C:\Users\GIRISH\AppData\Local\Temp\playwright-java-12640980121284669566\package\lib\server\progress.js:75:26)
    at Frame.fill (C:\Users\GIRISH\AppData\Local\Temp\playwright-java-12640980121284669566\package\lib\server\frames.js:1072:23)
    at FrameDispatcher.fill (C:\Users\GIRISH\AppData\Local\Temp\playwright-java-12640980121284669566\package\lib\server\dispatchers\frameDispatcher.js:170:30)
    at FrameDispatcher._handleCommand (C:\Users\GIRISH\AppData\Local\Temp\playwright-java-12640980121284669566\package\lib\server\dispatchers\dispatcher.js:94:40)
    at DispatcherConnection.dispatch (C:\Users\GIRISH\AppData\Local\Temp\playwright-java-12640980121284669566\package\lib\server\dispatchers\dispatcher.js:361:39)
}
Call log:
-   - waiting for locator("//input[@name='email']")

at com.microsoft.playwright.impl.Connection.dispatch(Connection.java:254)
at com.microsoft.playwright.impl.Connection.processOneMessage(Connection.java:211)
at com.microsoft.playwright.impl.ChannelOwner.runUntil(ChannelOwner.java:130)
... 38 more
... Removed 25 stack frames]]>
    </failure>
  </testcase> <!-- performSignUp -->
  <testcase classname="keralaTourismAutomationPlaywrightJava.E2EUserJourney" name="exploreDistricts" time="0.002">
    <skipped/>
  </testcase> <!-- exploreDistricts -->
  <testcase classname="keralaTourismAutomationPlaywrightJava.E2EUserJourney" name="performLogin" time="0.0">
    <skipped/>
  </testcase> <!-- performLogin -->
  <testcase classname="keralaTourismAutomationPlaywrightJava.FormValidationRefactored" name="loginBothEmptyFields" time="1.377"/>
  <testcase classname="keralaTourismAutomationPlaywrightJava.FormValidationRefactored" name="loginEmptyEmail" time="0.189"/>
  <testcase classname="keralaTourismAutomationPlaywrightJava.FormValidationRefactored" name="loginEmptyPassword" time="0.222"/>
  <testcase classname="keralaTourismAutomationPlaywrightJava.FormValidationRefactored" name="loginInvalidEmail" time="0.255"/>
  <testcase classname="keralaTourismAutomationPlaywrightJava.FormValidationRefactored" name="loginInvalidPassword" time="0.196"/>
  <testcase classname="keralaTourismAutomationPlaywrightJava.FormValidationRefactored" name="signupEmptyEmail" time="0.495"/>
  <testcase classname="keralaTourismAutomationPlaywrightJava.FormValidationRefactored" name="signupEmptyName" time="0.492"/>
  <testcase classname="keralaTourismAutomationPlaywrightJava.FormValidationRefactored" name="signupEmptyPassword1" time="0.235"/>
  <testcase classname="keralaTourismAutomationPlaywrightJava.FormValidationRefactored" name="signupEmptyPassword2" time="0.222"/>
  <testcase classname="keralaTourismAutomationPlaywrightJava.FormValidationRefactored" name="signupPasswordMismatch" time="0.162"/>
  <testcase classname="keralaTourismAutomationPlaywrightJava.FormValidationRefactored" name="validatingLoginForm" time="0.312"/>
  <testcase classname="keralaTourismAutomationPlaywrightJava.PerformanceTestUsingPageLoadTime" name="measurePageLoadTime" time="2.989"/>
</testsuite> <!-- SmokeTest with firefox -->
