<?xml version="1.0" encoding="UTF-8"?>
<!-- Generated by org.testng.reporters.JUnitXMLReporter -->
<testsuite ignored="0" hostname="LAPTOP-O877SD89" failures="0" tests="4" name="SmokeTest" time="28.893" errors="0" timestamp="2025-10-29T18:04:41 IST">
  <testcase classname="keralaTourismAutomationPlaywrightJava.ResponsiveUITesting" name="verifyResponsiveLayouts" time="4.74"/>
  <testcase classname="keralaTourismAutomationPlaywrightJava.ResponsiveUITesting" name="verifyResponsiveLayouts" time="3.194"/>
  <testcase classname="keralaTourismAutomationPlaywrightJava.ResponsiveUITesting" name="verifyResponsiveLayouts" time="2.965"/>
  <testcase classname="keralaTourismAutomationPlaywrightJava.ResponsiveUITesting" name="verifyResponsiveLayouts" time="2.789"/>
</testsuite> <!-- SmokeTest -->
