<?xml version="1.0" encoding="UTF-8"?>
<!-- Generated by org.testng.reporters.JUnitReportReporter -->
<testsuite hostname="LAPTOP-O877SD89" failures="0" tests="12" name="keralaTourismAutomationPlaywrightJava.ResponsiveUITesting" time="46.303" errors="0" timestamp="2025-11-08T20:34:10 IST" skipped="0">
  <testcase classname="keralaTourismAutomationPlaywrightJava.ResponsiveUITesting" name="verifyResponsiveLayouts" time="3.510"/>
  <testcase classname="keralaTourismAutomationPlaywrightJava.ResponsiveUITesting" name="verifyResponsiveLayouts" time="2.962"/>
  <testcase classname="keralaTourismAutomationPlaywrightJava.ResponsiveUITesting" name="verifyResponsiveLayouts" time="3.136"/>
  <testcase classname="keralaTourismAutomationPlaywrightJava.ResponsiveUITesting" name="verifyResponsiveLayouts" time="4.845"/>
  <testcase classname="keralaTourismAutomationPlaywrightJava.ResponsiveUITesting" name="verifyResponsiveLayouts" time="2.835"/>
  <testcase classname="keralaTourismAutomationPlaywrightJava.ResponsiveUITesting" name="verifyResponsiveLayouts" time="2.829"/>
  <testcase classname="keralaTourismAutomationPlaywrightJava.ResponsiveUITesting" name="verifyResponsiveLayouts" time="2.688"/>
  <testcase classname="keralaTourismAutomationPlaywrightJava.ResponsiveUITesting" name="verifyResponsiveLayouts" time="3.211"/>
  <testcase classname="keralaTourismAutomationPlaywrightJava.ResponsiveUITesting" name="verifyResponsiveLayouts" time="3.712"/>
  <testcase classname="keralaTourismAutomationPlaywrightJava.ResponsiveUITesting" name="verifyResponsiveLayouts" time="2.730"/>
  <testcase classname="keralaTourismAutomationPlaywrightJava.ResponsiveUITesting" name="verifyResponsiveLayouts" time="11.179"/>
  <testcase classname="keralaTourismAutomationPlaywrightJava.ResponsiveUITesting" name="verifyResponsiveLayouts" time="2.666"/>
</testsuite> <!-- keralaTourismAutomationPlaywrightJava.ResponsiveUITesting -->
