<?xml version="1.0" encoding="UTF-8"?>
<!-- Generated by org.testng.reporters.JUnitReportReporter -->
<testsuite hostname="LAPTOP-O877SD89" failures="3" tests="57" name="keralaTourismAutomationPlaywrightJava.BasicSmokeTesting" time="190.738" errors="3" timestamp="2025-11-08T20:34:10 IST" skipped="0">
  <testcase classname="keralaTourismAutomationPlaywrightJava.BasicSmokeTesting" name="HomePageValidation" time="1.688"/>
  <testcase classname="keralaTourismAutomationPlaywrightJava.BasicSmokeTesting" name="HomePageValidation" time="2.157"/>
  <testcase classname="keralaTourismAutomationPlaywrightJava.BasicSmokeTesting" name="HomePageValidation" time="0.941"/>
  <testcase classname="keralaTourismAutomationPlaywrightJava.BasicSmokeTesting" name="basicNavigationThroughMainMenu" time="30.044">
    <error message="Error {
  message=&#039;Timeout 30000ms exceeded.
  name=&#039;TimeoutError
  stack=&#039;TimeoutError: Timeout 30000ms exceeded.
    at ProgressController.run (C:\Users\GIRISH\AppData\Local\Temp\playwright-java-12640980121284669566\package\lib\server\progress.js:75:26)
    at Frame.click (C:\Users\GIRISH\AppData\Local\Temp\playwright-java-12640980121284669566\package\lib\server\frames.js:1022:23)
    at FrameDispatcher.click (C:\Users\GIRISH\AppData\Local\Temp\playwright-java-12640980121284669566\package\lib\server\dispatchers\frameDispatcher.js:158:30)
    at FrameDispatcher._handleCommand (C:\Users\GIRISH\AppData\Local\Temp\playwright-java-12640980121284669566\package\lib\server\dispatchers\dispatcher.js:94:40)
    at DispatcherConnection.dispatch (C:\Users\GIRISH\AppData\Local\Temp\playwright-java-12640980121284669566\package\lib\server\dispatchers\dispatcher.js:361:39)
}
Call log:
-   - waiting for locator(&quot;nav.navbar a[href=&#039;index.html&#039;]&quot;)
" type="com.microsoft.playwright.TimeoutError">
      <![CDATA[com.microsoft.playwright.TimeoutError: Error {
  message='Timeout 30000ms exceeded.
  name='TimeoutError
  stack='TimeoutError: Timeout 30000ms exceeded.
    at ProgressController.run (C:\Users\GIRISH\AppData\Local\Temp\playwright-java-12640980121284669566\package\lib\server\progress.js:75:26)
    at Frame.click (C:\Users\GIRISH\AppData\Local\Temp\playwright-java-12640980121284669566\package\lib\server\frames.js:1022:23)
    at FrameDispatcher.click (C:\Users\GIRISH\AppData\Local\Temp\playwright-java-12640980121284669566\package\lib\server\dispatchers\frameDispatcher.js:158:30)
    at FrameDispatcher._handleCommand (C:\Users\GIRISH\AppData\Local\Temp\playwright-java-12640980121284669566\package\lib\server\dispatchers\dispatcher.js:94:40)
    at DispatcherConnection.dispatch (C:\Users\GIRISH\AppData\Local\Temp\playwright-java-12640980121284669566\package\lib\server\dispatchers\dispatcher.js:361:39)
}
Call log:
-   - waiting for locator("nav.navbar a[href='index.html']")

at com.microsoft.playwright.impl.WaitableResult.get(WaitableResult.java:52)
at com.microsoft.playwright.impl.ChannelOwner.runUntil(ChannelOwner.java:132)
at com.microsoft.playwright.impl.Connection.sendMessage(Connection.java:130)
at com.microsoft.playwright.impl.ChannelOwner.sendMessage(ChannelOwner.java:118)
at com.microsoft.playwright.impl.FrameImpl.clickImpl(FrameImpl.java:252)
at com.microsoft.playwright.impl.FrameImpl.lambda$click$8(FrameImpl.java:243)
at com.microsoft.playwright.impl.LoggingSupport.lambda$withLogging$0(LoggingSupport.java:36)
at com.microsoft.playwright.impl.LoggingSupport.withLogging(LoggingSupport.java:47)
at com.microsoft.playwright.impl.ChannelOwner.withLogging(ChannelOwner.java:97)
at com.microsoft.playwright.impl.LoggingSupport.withLogging(LoggingSupport.java:35)
at com.microsoft.playwright.impl.FrameImpl.click(FrameImpl.java:243)
at com.microsoft.playwright.impl.LocatorImpl.click(LocatorImpl.java:175)
at com.microsoft.playwright.Locator.click(Locator.java:2493)
at keralaTourismAutomationPlaywrightJava.BasicSmokeTesting.basicNavigationThroughMainMenu(BasicSmokeTesting.java:38)
at java.base/jdk.internal.reflect.DirectMethodHandleAccessor.invoke(DirectMethodHandleAccessor.java:103)
at java.base/java.lang.reflect.Method.invoke(Method.java:580)
at org.testng.internal.invokers.MethodInvocationHelper.invokeMethod(MethodInvocationHelper.java:141)
at org.testng.internal.invokers.TestInvoker.invokeMethod(TestInvoker.java:687)
at org.testng.internal.invokers.TestInvoker.invokeTestMethod(TestInvoker.java:230)
at org.testng.internal.invokers.MethodRunner.runInSequence(MethodRunner.java:63)
at org.testng.internal.invokers.TestInvoker$MethodInvocationAgent.invoke(TestInvoker.java:995)
at org.testng.internal.invokers.TestInvoker.invokeTestMethods(TestInvoker.java:203)
at org.testng.internal.invokers.TestMethodWorker.invokeTestMethods(TestMethodWorker.java:154)
at org.testng.internal.invokers.TestMethodWorker.run(TestMethodWorker.java:134)
at java.base/java.util.ArrayList.forEach(ArrayList.java:1596)
at org.testng.TestRunner.privateRun(TestRunner.java:741)
at org.testng.TestRunner.run(TestRunner.java:616)
at org.testng.SuiteRunner.runTest(SuiteRunner.java:421)
at org.testng.SuiteRunner.runSequentially(SuiteRunner.java:413)
at org.testng.SuiteRunner.privateRun(SuiteRunner.java:373)
at org.testng.SuiteRunner.run(SuiteRunner.java:312)
at org.testng.SuiteRunnerWorker.runSuite(SuiteRunnerWorker.java:52)
at org.testng.SuiteRunnerWorker.run(SuiteRunnerWorker.java:95)
at org.testng.TestNG.runSuitesSequentially(TestNG.java:1274)
at org.testng.TestNG.runSuitesLocally(TestNG.java:1208)
at org.testng.TestNG.runSuites(TestNG.java:1112)
at org.testng.TestNG.run(TestNG.java:1079)
at org.testng.remote.AbstractRemoteTestNG.run(AbstractRemoteTestNG.java:115)
at org.testng.remote.RemoteTestNG.initAndRun(RemoteTestNG.java:293)
at org.testng.remote.RemoteTestNG.main(RemoteTestNG.java:91)
Caused by: com.microsoft.playwright.TimeoutError: Error {
  message='Timeout 30000ms exceeded.
  name='TimeoutError
  stack='TimeoutError: Timeout 30000ms exceeded.
    at ProgressController.run (C:\Users\GIRISH\AppData\Local\Temp\playwright-java-12640980121284669566\package\lib\server\progress.js:75:26)
    at Frame.click (C:\Users\GIRISH\AppData\Local\Temp\playwright-java-12640980121284669566\package\lib\server\frames.js:1022:23)
    at FrameDispatcher.click (C:\Users\GIRISH\AppData\Local\Temp\playwright-java-12640980121284669566\package\lib\server\dispatchers\frameDispatcher.js:158:30)
    at FrameDispatcher._handleCommand (C:\Users\GIRISH\AppData\Local\Temp\playwright-java-12640980121284669566\package\lib\server\dispatchers\dispatcher.js:94:40)
    at DispatcherConnection.dispatch (C:\Users\GIRISH\AppData\Local\Temp\playwright-java-12640980121284669566\package\lib\server\dispatchers\dispatcher.js:361:39)
}
Call log:
-   - waiting for locator("nav.navbar a[href='index.html']")

at com.microsoft.playwright.impl.Connection.dispatch(Connection.java:254)
at com.microsoft.playwright.impl.Connection.processOneMessage(Connection.java:211)
at com.microsoft.playwright.impl.ChannelOwner.runUntil(ChannelOwner.java:130)
... 38 more
]]>
    </error>
  </testcase> <!-- basicNavigationThroughMainMenu -->
  <testcase classname="keralaTourismAutomationPlaywrightJava.BasicSmokeTesting" name="basicNavigationThroughMainMenu" time="30.040">
    <error message="Error {
  message=&#039;Timeout 30000ms exceeded.
  name=&#039;TimeoutError
  stack=&#039;TimeoutError: Timeout 30000ms exceeded.
    at ProgressController.run (C:\Users\GIRISH\AppData\Local\Temp\playwright-java-12640980121284669566\package\lib\server\progress.js:75:26)
    at Frame.click (C:\Users\GIRISH\AppData\Local\Temp\playwright-java-12640980121284669566\package\lib\server\frames.js:1022:23)
    at FrameDispatcher.click (C:\Users\GIRISH\AppData\Local\Temp\playwright-java-12640980121284669566\package\lib\server\dispatchers\frameDispatcher.js:158:30)
    at FrameDispatcher._handleCommand (C:\Users\GIRISH\AppData\Local\Temp\playwright-java-12640980121284669566\package\lib\server\dispatchers\dispatcher.js:94:40)
    at DispatcherConnection.dispatch (C:\Users\GIRISH\AppData\Local\Temp\playwright-java-12640980121284669566\package\lib\server\dispatchers\dispatcher.js:361:39)
}
Call log:
-   - waiting for locator(&quot;nav.navbar a[href=&#039;index.html&#039;]&quot;)
" type="com.microsoft.playwright.TimeoutError">
      <![CDATA[com.microsoft.playwright.TimeoutError: Error {
  message='Timeout 30000ms exceeded.
  name='TimeoutError
  stack='TimeoutError: Timeout 30000ms exceeded.
    at ProgressController.run (C:\Users\GIRISH\AppData\Local\Temp\playwright-java-12640980121284669566\package\lib\server\progress.js:75:26)
    at Frame.click (C:\Users\GIRISH\AppData\Local\Temp\playwright-java-12640980121284669566\package\lib\server\frames.js:1022:23)
    at FrameDispatcher.click (C:\Users\GIRISH\AppData\Local\Temp\playwright-java-12640980121284669566\package\lib\server\dispatchers\frameDispatcher.js:158:30)
    at FrameDispatcher._handleCommand (C:\Users\GIRISH\AppData\Local\Temp\playwright-java-12640980121284669566\package\lib\server\dispatchers\dispatcher.js:94:40)
    at DispatcherConnection.dispatch (C:\Users\GIRISH\AppData\Local\Temp\playwright-java-12640980121284669566\package\lib\server\dispatchers\dispatcher.js:361:39)
}
Call log:
-   - waiting for locator("nav.navbar a[href='index.html']")

at com.microsoft.playwright.impl.WaitableResult.get(WaitableResult.java:52)
at com.microsoft.playwright.impl.ChannelOwner.runUntil(ChannelOwner.java:132)
at com.microsoft.playwright.impl.Connection.sendMessage(Connection.java:130)
at com.microsoft.playwright.impl.ChannelOwner.sendMessage(ChannelOwner.java:118)
at com.microsoft.playwright.impl.FrameImpl.clickImpl(FrameImpl.java:252)
at com.microsoft.playwright.impl.FrameImpl.lambda$click$8(FrameImpl.java:243)
at com.microsoft.playwright.impl.LoggingSupport.lambda$withLogging$0(LoggingSupport.java:36)
at com.microsoft.playwright.impl.LoggingSupport.withLogging(LoggingSupport.java:47)
at com.microsoft.playwright.impl.ChannelOwner.withLogging(ChannelOwner.java:97)
at com.microsoft.playwright.impl.LoggingSupport.withLogging(LoggingSupport.java:35)
at com.microsoft.playwright.impl.FrameImpl.click(FrameImpl.java:243)
at com.microsoft.playwright.impl.LocatorImpl.click(LocatorImpl.java:175)
at com.microsoft.playwright.Locator.click(Locator.java:2493)
at keralaTourismAutomationPlaywrightJava.BasicSmokeTesting.basicNavigationThroughMainMenu(BasicSmokeTesting.java:38)
at java.base/jdk.internal.reflect.DirectMethodHandleAccessor.invoke(DirectMethodHandleAccessor.java:103)
at java.base/java.lang.reflect.Method.invoke(Method.java:580)
at org.testng.internal.invokers.MethodInvocationHelper.invokeMethod(MethodInvocationHelper.java:141)
at org.testng.internal.invokers.TestInvoker.invokeMethod(TestInvoker.java:687)
at org.testng.internal.invokers.TestInvoker.invokeTestMethod(TestInvoker.java:230)
at org.testng.internal.invokers.MethodRunner.runInSequence(MethodRunner.java:63)
at org.testng.internal.invokers.TestInvoker$MethodInvocationAgent.invoke(TestInvoker.java:995)
at org.testng.internal.invokers.TestInvoker.invokeTestMethods(TestInvoker.java:203)
at org.testng.internal.invokers.TestMethodWorker.invokeTestMethods(TestMethodWorker.java:154)
at org.testng.internal.invokers.TestMethodWorker.run(TestMethodWorker.java:134)
at java.base/java.util.ArrayList.forEach(ArrayList.java:1596)
at org.testng.TestRunner.privateRun(TestRunner.java:741)
at org.testng.TestRunner.run(TestRunner.java:616)
at org.testng.SuiteRunner.runTest(SuiteRunner.java:421)
at org.testng.SuiteRunner.runSequentially(SuiteRunner.java:413)
at org.testng.SuiteRunner.privateRun(SuiteRunner.java:373)
at org.testng.SuiteRunner.run(SuiteRunner.java:312)
at org.testng.SuiteRunnerWorker.runSuite(SuiteRunnerWorker.java:52)
at org.testng.SuiteRunnerWorker.run(SuiteRunnerWorker.java:95)
at org.testng.TestNG.runSuitesSequentially(TestNG.java:1274)
at org.testng.TestNG.runSuitesLocally(TestNG.java:1208)
at org.testng.TestNG.runSuites(TestNG.java:1112)
at org.testng.TestNG.run(TestNG.java:1079)
at org.testng.remote.AbstractRemoteTestNG.run(AbstractRemoteTestNG.java:115)
at org.testng.remote.RemoteTestNG.initAndRun(RemoteTestNG.java:293)
at org.testng.remote.RemoteTestNG.main(RemoteTestNG.java:91)
Caused by: com.microsoft.playwright.TimeoutError: Error {
  message='Timeout 30000ms exceeded.
  name='TimeoutError
  stack='TimeoutError: Timeout 30000ms exceeded.
    at ProgressController.run (C:\Users\GIRISH\AppData\Local\Temp\playwright-java-12640980121284669566\package\lib\server\progress.js:75:26)
    at Frame.click (C:\Users\GIRISH\AppData\Local\Temp\playwright-java-12640980121284669566\package\lib\server\frames.js:1022:23)
    at FrameDispatcher.click (C:\Users\GIRISH\AppData\Local\Temp\playwright-java-12640980121284669566\package\lib\server\dispatchers\frameDispatcher.js:158:30)
    at FrameDispatcher._handleCommand (C:\Users\GIRISH\AppData\Local\Temp\playwright-java-12640980121284669566\package\lib\server\dispatchers\dispatcher.js:94:40)
    at DispatcherConnection.dispatch (C:\Users\GIRISH\AppData\Local\Temp\playwright-java-12640980121284669566\package\lib\server\dispatchers\dispatcher.js:361:39)
}
Call log:
-   - waiting for locator("nav.navbar a[href='index.html']")

at com.microsoft.playwright.impl.Connection.dispatch(Connection.java:254)
at com.microsoft.playwright.impl.Connection.processOneMessage(Connection.java:211)
at com.microsoft.playwright.impl.ChannelOwner.runUntil(ChannelOwner.java:130)
... 38 more
]]>
    </error>
  </testcase> <!-- basicNavigationThroughMainMenu -->
  <testcase classname="keralaTourismAutomationPlaywrightJava.BasicSmokeTesting" name="basicNavigationThroughMainMenu" time="30.043">
    <error message="Error {
  message=&#039;Timeout 30000ms exceeded.
  name=&#039;TimeoutError
  stack=&#039;TimeoutError: Timeout 30000ms exceeded.
    at ProgressController.run (C:\Users\GIRISH\AppData\Local\Temp\playwright-java-12640980121284669566\package\lib\server\progress.js:75:26)
    at Frame.click (C:\Users\GIRISH\AppData\Local\Temp\playwright-java-12640980121284669566\package\lib\server\frames.js:1022:23)
    at FrameDispatcher.click (C:\Users\GIRISH\AppData\Local\Temp\playwright-java-12640980121284669566\package\lib\server\dispatchers\frameDispatcher.js:158:30)
    at FrameDispatcher._handleCommand (C:\Users\GIRISH\AppData\Local\Temp\playwright-java-12640980121284669566\package\lib\server\dispatchers\dispatcher.js:94:40)
    at DispatcherConnection.dispatch (C:\Users\GIRISH\AppData\Local\Temp\playwright-java-12640980121284669566\package\lib\server\dispatchers\dispatcher.js:361:39)
}
Call log:
-   - waiting for locator(&quot;nav.navbar a[href=&#039;index.html&#039;]&quot;)
" type="com.microsoft.playwright.TimeoutError">
      <![CDATA[com.microsoft.playwright.TimeoutError: Error {
  message='Timeout 30000ms exceeded.
  name='TimeoutError
  stack='TimeoutError: Timeout 30000ms exceeded.
    at ProgressController.run (C:\Users\GIRISH\AppData\Local\Temp\playwright-java-12640980121284669566\package\lib\server\progress.js:75:26)
    at Frame.click (C:\Users\GIRISH\AppData\Local\Temp\playwright-java-12640980121284669566\package\lib\server\frames.js:1022:23)
    at FrameDispatcher.click (C:\Users\GIRISH\AppData\Local\Temp\playwright-java-12640980121284669566\package\lib\server\dispatchers\frameDispatcher.js:158:30)
    at FrameDispatcher._handleCommand (C:\Users\GIRISH\AppData\Local\Temp\playwright-java-12640980121284669566\package\lib\server\dispatchers\dispatcher.js:94:40)
    at DispatcherConnection.dispatch (C:\Users\GIRISH\AppData\Local\Temp\playwright-java-12640980121284669566\package\lib\server\dispatchers\dispatcher.js:361:39)
}
Call log:
-   - waiting for locator("nav.navbar a[href='index.html']")

at com.microsoft.playwright.impl.WaitableResult.get(WaitableResult.java:52)
at com.microsoft.playwright.impl.ChannelOwner.runUntil(ChannelOwner.java:132)
at com.microsoft.playwright.impl.Connection.sendMessage(Connection.java:130)
at com.microsoft.playwright.impl.ChannelOwner.sendMessage(ChannelOwner.java:118)
at com.microsoft.playwright.impl.FrameImpl.clickImpl(FrameImpl.java:252)
at com.microsoft.playwright.impl.FrameImpl.lambda$click$8(FrameImpl.java:243)
at com.microsoft.playwright.impl.LoggingSupport.lambda$withLogging$0(LoggingSupport.java:36)
at com.microsoft.playwright.impl.LoggingSupport.withLogging(LoggingSupport.java:47)
at com.microsoft.playwright.impl.ChannelOwner.withLogging(ChannelOwner.java:97)
at com.microsoft.playwright.impl.LoggingSupport.withLogging(LoggingSupport.java:35)
at com.microsoft.playwright.impl.FrameImpl.click(FrameImpl.java:243)
at com.microsoft.playwright.impl.LocatorImpl.click(LocatorImpl.java:175)
at com.microsoft.playwright.Locator.click(Locator.java:2493)
at keralaTourismAutomationPlaywrightJava.BasicSmokeTesting.basicNavigationThroughMainMenu(BasicSmokeTesting.java:38)
at java.base/jdk.internal.reflect.DirectMethodHandleAccessor.invoke(DirectMethodHandleAccessor.java:103)
at java.base/java.lang.reflect.Method.invoke(Method.java:580)
at org.testng.internal.invokers.MethodInvocationHelper.invokeMethod(MethodInvocationHelper.java:141)
at org.testng.internal.invokers.TestInvoker.invokeMethod(TestInvoker.java:687)
at org.testng.internal.invokers.TestInvoker.invokeTestMethod(TestInvoker.java:230)
at org.testng.internal.invokers.MethodRunner.runInSequence(MethodRunner.java:63)
at org.testng.internal.invokers.TestInvoker$MethodInvocationAgent.invoke(TestInvoker.java:995)
at org.testng.internal.invokers.TestInvoker.invokeTestMethods(TestInvoker.java:203)
at org.testng.internal.invokers.TestMethodWorker.invokeTestMethods(TestMethodWorker.java:154)
at org.testng.internal.invokers.TestMethodWorker.run(TestMethodWorker.java:134)
at java.base/java.util.ArrayList.forEach(ArrayList.java:1596)
at org.testng.TestRunner.privateRun(TestRunner.java:741)
at org.testng.TestRunner.run(TestRunner.java:616)
at org.testng.SuiteRunner.runTest(SuiteRunner.java:421)
at org.testng.SuiteRunner.runSequentially(SuiteRunner.java:413)
at org.testng.SuiteRunner.privateRun(SuiteRunner.java:373)
at org.testng.SuiteRunner.run(SuiteRunner.java:312)
at org.testng.SuiteRunnerWorker.runSuite(SuiteRunnerWorker.java:52)
at org.testng.SuiteRunnerWorker.run(SuiteRunnerWorker.java:95)
at org.testng.TestNG.runSuitesSequentially(TestNG.java:1274)
at org.testng.TestNG.runSuitesLocally(TestNG.java:1208)
at org.testng.TestNG.runSuites(TestNG.java:1112)
at org.testng.TestNG.run(TestNG.java:1079)
at org.testng.remote.AbstractRemoteTestNG.run(AbstractRemoteTestNG.java:115)
at org.testng.remote.RemoteTestNG.initAndRun(RemoteTestNG.java:293)
at org.testng.remote.RemoteTestNG.main(RemoteTestNG.java:91)
Caused by: com.microsoft.playwright.TimeoutError: Error {
  message='Timeout 30000ms exceeded.
  name='TimeoutError
  stack='TimeoutError: Timeout 30000ms exceeded.
    at ProgressController.run (C:\Users\GIRISH\AppData\Local\Temp\playwright-java-12640980121284669566\package\lib\server\progress.js:75:26)
    at Frame.click (C:\Users\GIRISH\AppData\Local\Temp\playwright-java-12640980121284669566\package\lib\server\frames.js:1022:23)
    at FrameDispatcher.click (C:\Users\GIRISH\AppData\Local\Temp\playwright-java-12640980121284669566\package\lib\server\dispatchers\frameDispatcher.js:158:30)
    at FrameDispatcher._handleCommand (C:\Users\GIRISH\AppData\Local\Temp\playwright-java-12640980121284669566\package\lib\server\dispatchers\dispatcher.js:94:40)
    at DispatcherConnection.dispatch (C:\Users\GIRISH\AppData\Local\Temp\playwright-java-12640980121284669566\package\lib\server\dispatchers\dispatcher.js:361:39)
}
Call log:
-   - waiting for locator("nav.navbar a[href='index.html']")

at com.microsoft.playwright.impl.Connection.dispatch(Connection.java:254)
at com.microsoft.playwright.impl.Connection.processOneMessage(Connection.java:211)
at com.microsoft.playwright.impl.ChannelOwner.runUntil(ChannelOwner.java:130)
... 38 more
]]>
    </error>
  </testcase> <!-- basicNavigationThroughMainMenu -->
  <testcase classname="keralaTourismAutomationPlaywrightJava.BasicSmokeTesting" name="validatingExplorePage" time="1.215"/>
  <testcase classname="keralaTourismAutomationPlaywrightJava.BasicSmokeTesting" name="validatingExplorePage" time="0.363"/>
  <testcase classname="keralaTourismAutomationPlaywrightJava.BasicSmokeTesting" name="validatingExplorePage" time="0.432"/>
  <testcase classname="keralaTourismAutomationPlaywrightJava.BasicSmokeTesting" name="validateIndividualDistrictPages" time="2.324"/>
  <testcase classname="keralaTourismAutomationPlaywrightJava.BasicSmokeTesting" name="validateIndividualDistrictPages" time="1.044"/>
  <testcase classname="keralaTourismAutomationPlaywrightJava.BasicSmokeTesting" name="validateIndividualDistrictPages" time="1.005"/>
  <testcase classname="keralaTourismAutomationPlaywrightJava.BasicSmokeTesting" name="validateIndividualDistrictPages" time="1.561"/>
  <testcase classname="keralaTourismAutomationPlaywrightJava.BasicSmokeTesting" name="validateIndividualDistrictPages" time="1.410"/>
  <testcase classname="keralaTourismAutomationPlaywrightJava.BasicSmokeTesting" name="validateIndividualDistrictPages" time="1.622"/>
  <testcase classname="keralaTourismAutomationPlaywrightJava.BasicSmokeTesting" name="validateIndividualDistrictPages" time="1.353"/>
  <testcase classname="keralaTourismAutomationPlaywrightJava.BasicSmokeTesting" name="validateIndividualDistrictPages" time="2.183"/>
  <testcase classname="keralaTourismAutomationPlaywrightJava.BasicSmokeTesting" name="validateIndividualDistrictPages" time="4.621"/>
  <testcase classname="keralaTourismAutomationPlaywrightJava.BasicSmokeTesting" name="validateIndividualDistrictPages" time="1.692"/>
  <testcase classname="keralaTourismAutomationPlaywrightJava.BasicSmokeTesting" name="validateIndividualDistrictPages" time="6.570">
    <failure message="Page title expected to be: kollam
Received: dist-name

Call log:
  - Locator.expect with timeout 5000ms
  - waiting for locator(&quot;:root&quot;)
    9 × locator resolved to &lt;html lang=&quot;en&quot;&gt;…&lt;/html&gt;
      - unexpected value &quot;dist-name&quot;" type="org.opentest4j.AssertionFailedError">
      <![CDATA[org.opentest4j.AssertionFailedError: Page title expected to be: kollam
Received: dist-name

Call log:
  - Locator.expect with timeout 5000ms
  - waiting for locator(":root")
    9 × locator resolved to <html lang="en">…</html>
      - unexpected value "dist-name"
at com.microsoft.playwright.impl.AssertionsBase.expectImpl(AssertionsBase.java:74)
at com.microsoft.playwright.impl.AssertionsBase.expectImpl(AssertionsBase.java:51)
at com.microsoft.playwright.impl.AssertionsBase.expectImpl(AssertionsBase.java:42)
at com.microsoft.playwright.impl.PageAssertionsImpl.hasTitle(PageAssertionsImpl.java:45)
at com.microsoft.playwright.assertions.PageAssertions.hasTitle(PageAssertions.java:103)
at keralaTourismAutomationPlaywrightJava.BasicSmokeTesting.validateIndividualDistrictPages(BasicSmokeTesting.java:106)
at java.base/jdk.internal.reflect.DirectMethodHandleAccessor.invoke(DirectMethodHandleAccessor.java:103)
at java.base/java.lang.reflect.Method.invoke(Method.java:580)
at org.testng.internal.invokers.MethodInvocationHelper.invokeMethod(MethodInvocationHelper.java:141)
at org.testng.internal.invokers.TestInvoker.invokeMethod(TestInvoker.java:687)
at org.testng.internal.invokers.TestInvoker.invokeTestMethod(TestInvoker.java:230)
at org.testng.internal.invokers.MethodRunner.runInSequence(MethodRunner.java:63)
at org.testng.internal.invokers.TestInvoker$MethodInvocationAgent.invoke(TestInvoker.java:995)
at org.testng.internal.invokers.TestInvoker.invokeTestMethods(TestInvoker.java:203)
at org.testng.internal.invokers.TestMethodWorker.invokeTestMethods(TestMethodWorker.java:154)
at org.testng.internal.invokers.TestMethodWorker.run(TestMethodWorker.java:134)
at java.base/java.util.ArrayList.forEach(ArrayList.java:1596)
at org.testng.TestRunner.privateRun(TestRunner.java:741)
at org.testng.TestRunner.run(TestRunner.java:616)
at org.testng.SuiteRunner.runTest(SuiteRunner.java:421)
at org.testng.SuiteRunner.runSequentially(SuiteRunner.java:413)
at org.testng.SuiteRunner.privateRun(SuiteRunner.java:373)
at org.testng.SuiteRunner.run(SuiteRunner.java:312)
at org.testng.SuiteRunnerWorker.runSuite(SuiteRunnerWorker.java:52)
at org.testng.SuiteRunnerWorker.run(SuiteRunnerWorker.java:95)
at org.testng.TestNG.runSuitesSequentially(TestNG.java:1274)
at org.testng.TestNG.runSuitesLocally(TestNG.java:1208)
at org.testng.TestNG.runSuites(TestNG.java:1112)
at org.testng.TestNG.run(TestNG.java:1079)
at org.testng.remote.AbstractRemoteTestNG.run(AbstractRemoteTestNG.java:115)
at org.testng.remote.RemoteTestNG.initAndRun(RemoteTestNG.java:293)
at org.testng.remote.RemoteTestNG.main(RemoteTestNG.java:91)
]]>
    </failure>
  </testcase> <!-- validateIndividualDistrictPages -->
  <testcase classname="keralaTourismAutomationPlaywrightJava.BasicSmokeTesting" name="validateIndividualDistrictPages" time="1.763"/>
  <testcase classname="keralaTourismAutomationPlaywrightJava.BasicSmokeTesting" name="validateIndividualDistrictPages" time="2.295"/>
  <testcase classname="keralaTourismAutomationPlaywrightJava.BasicSmokeTesting" name="validateIndividualDistrictPages" time="1.456"/>
  <testcase classname="keralaTourismAutomationPlaywrightJava.BasicSmokeTesting" name="validateIndividualDistrictPages" time="6.536">
    <failure message="Page title expected to be: kollam
Received: dist-name

Call log:
  - Locator.expect with timeout 5000ms
  - waiting for locator(&quot;:root&quot;)
    9 × locator resolved to &lt;html lang=&quot;en&quot;&gt;…&lt;/html&gt;
      - unexpected value &quot;dist-name&quot;" type="org.opentest4j.AssertionFailedError">
      <![CDATA[org.opentest4j.AssertionFailedError: Page title expected to be: kollam
Received: dist-name

Call log:
  - Locator.expect with timeout 5000ms
  - waiting for locator(":root")
    9 × locator resolved to <html lang="en">…</html>
      - unexpected value "dist-name"
at com.microsoft.playwright.impl.AssertionsBase.expectImpl(AssertionsBase.java:74)
at com.microsoft.playwright.impl.AssertionsBase.expectImpl(AssertionsBase.java:51)
at com.microsoft.playwright.impl.AssertionsBase.expectImpl(AssertionsBase.java:42)
at com.microsoft.playwright.impl.PageAssertionsImpl.hasTitle(PageAssertionsImpl.java:45)
at com.microsoft.playwright.assertions.PageAssertions.hasTitle(PageAssertions.java:103)
at keralaTourismAutomationPlaywrightJava.BasicSmokeTesting.validateIndividualDistrictPages(BasicSmokeTesting.java:106)
at java.base/jdk.internal.reflect.DirectMethodHandleAccessor.invoke(DirectMethodHandleAccessor.java:103)
at java.base/java.lang.reflect.Method.invoke(Method.java:580)
at org.testng.internal.invokers.MethodInvocationHelper.invokeMethod(MethodInvocationHelper.java:141)
at org.testng.internal.invokers.TestInvoker.invokeMethod(TestInvoker.java:687)
at org.testng.internal.invokers.TestInvoker.invokeTestMethod(TestInvoker.java:230)
at org.testng.internal.invokers.MethodRunner.runInSequence(MethodRunner.java:63)
at org.testng.internal.invokers.TestInvoker$MethodInvocationAgent.invoke(TestInvoker.java:995)
at org.testng.internal.invokers.TestInvoker.invokeTestMethods(TestInvoker.java:203)
at org.testng.internal.invokers.TestMethodWorker.invokeTestMethods(TestMethodWorker.java:154)
at org.testng.internal.invokers.TestMethodWorker.run(TestMethodWorker.java:134)
at java.base/java.util.ArrayList.forEach(ArrayList.java:1596)
at org.testng.TestRunner.privateRun(TestRunner.java:741)
at org.testng.TestRunner.run(TestRunner.java:616)
at org.testng.SuiteRunner.runTest(SuiteRunner.java:421)
at org.testng.SuiteRunner.runSequentially(SuiteRunner.java:413)
at org.testng.SuiteRunner.privateRun(SuiteRunner.java:373)
at org.testng.SuiteRunner.run(SuiteRunner.java:312)
at org.testng.SuiteRunnerWorker.runSuite(SuiteRunnerWorker.java:52)
at org.testng.SuiteRunnerWorker.run(SuiteRunnerWorker.java:95)
at org.testng.TestNG.runSuitesSequentially(TestNG.java:1274)
at org.testng.TestNG.runSuitesLocally(TestNG.java:1208)
at org.testng.TestNG.runSuites(TestNG.java:1112)
at org.testng.TestNG.run(TestNG.java:1079)
at org.testng.remote.AbstractRemoteTestNG.run(AbstractRemoteTestNG.java:115)
at org.testng.remote.RemoteTestNG.initAndRun(RemoteTestNG.java:293)
at org.testng.remote.RemoteTestNG.main(RemoteTestNG.java:91)
]]>
    </failure>
  </testcase> <!-- validateIndividualDistrictPages -->
  <testcase classname="keralaTourismAutomationPlaywrightJava.BasicSmokeTesting" name="validateIndividualDistrictPages" time="3.741"/>
  <testcase classname="keralaTourismAutomationPlaywrightJava.BasicSmokeTesting" name="validateIndividualDistrictPages" time="1.421"/>
  <testcase classname="keralaTourismAutomationPlaywrightJava.BasicSmokeTesting" name="validateIndividualDistrictPages" time="6.358"/>
  <testcase classname="keralaTourismAutomationPlaywrightJava.BasicSmokeTesting" name="validateIndividualDistrictPages" time="2.284"/>
  <testcase classname="keralaTourismAutomationPlaywrightJava.BasicSmokeTesting" name="validateIndividualDistrictPages" time="0.996"/>
  <testcase classname="keralaTourismAutomationPlaywrightJava.BasicSmokeTesting" name="validateIndividualDistrictPages" time="1.413"/>
  <testcase classname="keralaTourismAutomationPlaywrightJava.BasicSmokeTesting" name="validateIndividualDistrictPages" time="1.454"/>
  <testcase classname="keralaTourismAutomationPlaywrightJava.BasicSmokeTesting" name="validateIndividualDistrictPages" time="1.795"/>
  <testcase classname="keralaTourismAutomationPlaywrightJava.BasicSmokeTesting" name="validateIndividualDistrictPages" time="1.180"/>
  <testcase classname="keralaTourismAutomationPlaywrightJava.BasicSmokeTesting" name="validateIndividualDistrictPages" time="1.420"/>
  <testcase classname="keralaTourismAutomationPlaywrightJava.BasicSmokeTesting" name="validateIndividualDistrictPages" time="1.220"/>
  <testcase classname="keralaTourismAutomationPlaywrightJava.BasicSmokeTesting" name="validateIndividualDistrictPages" time="0.819"/>
  <testcase classname="keralaTourismAutomationPlaywrightJava.BasicSmokeTesting" name="validateIndividualDistrictPages" time="1.191"/>
  <testcase classname="keralaTourismAutomationPlaywrightJava.BasicSmokeTesting" name="validateIndividualDistrictPages" time="2.081"/>
  <testcase classname="keralaTourismAutomationPlaywrightJava.BasicSmokeTesting" name="validateIndividualDistrictPages" time="2.321"/>
  <testcase classname="keralaTourismAutomationPlaywrightJava.BasicSmokeTesting" name="validateIndividualDistrictPages" time="1.110"/>
  <testcase classname="keralaTourismAutomationPlaywrightJava.BasicSmokeTesting" name="validateIndividualDistrictPages" time="0.807"/>
  <testcase classname="keralaTourismAutomationPlaywrightJava.BasicSmokeTesting" name="validateIndividualDistrictPages" time="1.296"/>
  <testcase classname="keralaTourismAutomationPlaywrightJava.BasicSmokeTesting" name="validateIndividualDistrictPages" time="2.258"/>
  <testcase classname="keralaTourismAutomationPlaywrightJava.BasicSmokeTesting" name="validateIndividualDistrictPages" time="1.132"/>
  <testcase classname="keralaTourismAutomationPlaywrightJava.BasicSmokeTesting" name="validateIndividualDistrictPages" time="6.280">
    <failure message="Page title expected to be: kollam
Received: dist-name

Call log:
  - Locator.expect with timeout 5000ms
  - waiting for locator(&quot;:root&quot;)
    9 × locator resolved to &lt;html lang=&quot;en&quot;&gt;…&lt;/html&gt;
      - unexpected value &quot;dist-name&quot;" type="org.opentest4j.AssertionFailedError">
      <![CDATA[org.opentest4j.AssertionFailedError: Page title expected to be: kollam
Received: dist-name

Call log:
  - Locator.expect with timeout 5000ms
  - waiting for locator(":root")
    9 × locator resolved to <html lang="en">…</html>
      - unexpected value "dist-name"
at com.microsoft.playwright.impl.AssertionsBase.expectImpl(AssertionsBase.java:74)
at com.microsoft.playwright.impl.AssertionsBase.expectImpl(AssertionsBase.java:51)
at com.microsoft.playwright.impl.AssertionsBase.expectImpl(AssertionsBase.java:42)
at com.microsoft.playwright.impl.PageAssertionsImpl.hasTitle(PageAssertionsImpl.java:45)
at com.microsoft.playwright.assertions.PageAssertions.hasTitle(PageAssertions.java:103)
at keralaTourismAutomationPlaywrightJava.BasicSmokeTesting.validateIndividualDistrictPages(BasicSmokeTesting.java:106)
at java.base/jdk.internal.reflect.DirectMethodHandleAccessor.invoke(DirectMethodHandleAccessor.java:103)
at java.base/java.lang.reflect.Method.invoke(Method.java:580)
at org.testng.internal.invokers.MethodInvocationHelper.invokeMethod(MethodInvocationHelper.java:141)
at org.testng.internal.invokers.TestInvoker.invokeMethod(TestInvoker.java:687)
at org.testng.internal.invokers.TestInvoker.invokeTestMethod(TestInvoker.java:230)
at org.testng.internal.invokers.MethodRunner.runInSequence(MethodRunner.java:63)
at org.testng.internal.invokers.TestInvoker$MethodInvocationAgent.invoke(TestInvoker.java:995)
at org.testng.internal.invokers.TestInvoker.invokeTestMethods(TestInvoker.java:203)
at org.testng.internal.invokers.TestMethodWorker.invokeTestMethods(TestMethodWorker.java:154)
at org.testng.internal.invokers.TestMethodWorker.run(TestMethodWorker.java:134)
at java.base/java.util.ArrayList.forEach(ArrayList.java:1596)
at org.testng.TestRunner.privateRun(TestRunner.java:741)
at org.testng.TestRunner.run(TestRunner.java:616)
at org.testng.SuiteRunner.runTest(SuiteRunner.java:421)
at org.testng.SuiteRunner.runSequentially(SuiteRunner.java:413)
at org.testng.SuiteRunner.privateRun(SuiteRunner.java:373)
at org.testng.SuiteRunner.run(SuiteRunner.java:312)
at org.testng.SuiteRunnerWorker.runSuite(SuiteRunnerWorker.java:52)
at org.testng.SuiteRunnerWorker.run(SuiteRunnerWorker.java:95)
at org.testng.TestNG.runSuitesSequentially(TestNG.java:1274)
at org.testng.TestNG.runSuitesLocally(TestNG.java:1208)
at org.testng.TestNG.runSuites(TestNG.java:1112)
at org.testng.TestNG.run(TestNG.java:1079)
at org.testng.remote.AbstractRemoteTestNG.run(AbstractRemoteTestNG.java:115)
at org.testng.remote.RemoteTestNG.initAndRun(RemoteTestNG.java:293)
at org.testng.remote.RemoteTestNG.main(RemoteTestNG.java:91)
]]>
    </failure>
  </testcase> <!-- validateIndividualDistrictPages -->
  <testcase classname="keralaTourismAutomationPlaywrightJava.BasicSmokeTesting" name="validateIndividualDistrictPages" time="1.764"/>
  <testcase classname="keralaTourismAutomationPlaywrightJava.BasicSmokeTesting" name="validateIndividualDistrictPages" time="1.519"/>
  <testcase classname="keralaTourismAutomationPlaywrightJava.BasicSmokeTesting" name="validateIndividualDistrictPages" time="1.480"/>
  <testcase classname="keralaTourismAutomationPlaywrightJava.BasicSmokeTesting" name="validateIndividualDistrictPages" time="2.249"/>
  <testcase classname="keralaTourismAutomationPlaywrightJava.BasicSmokeTesting" name="validateIndividualDistrictPages" time="3.608"/>
  <testcase classname="keralaTourismAutomationPlaywrightJava.BasicSmokeTesting" name="validateIndividualDistrictPages" time="1.564"/>
  <testcase classname="keralaTourismAutomationPlaywrightJava.BasicSmokeTesting" name="validatingLoginPage" time="0.736"/>
  <testcase classname="keralaTourismAutomationPlaywrightJava.BasicSmokeTesting" name="validatingLoginPage" time="0.168"/>
  <testcase classname="keralaTourismAutomationPlaywrightJava.BasicSmokeTesting" name="validatingLoginPage" time="0.158"/>
  <testcase classname="keralaTourismAutomationPlaywrightJava.BasicSmokeTesting" name="validatingSignupPage" time="0.101"/>
  <testcase classname="keralaTourismAutomationPlaywrightJava.BasicSmokeTesting" name="validatingSignupPage" time="0.102"/>
  <testcase classname="keralaTourismAutomationPlaywrightJava.BasicSmokeTesting" name="validatingSignupPage" time="0.354"/>
</testsuite> <!-- keralaTourismAutomationPlaywrightJava.BasicSmokeTesting -->
