<?xml version="1.0" encoding="UTF-8"?>
<!-- Generated by org.testng.reporters.JUnitReportReporter -->
<testsuite hostname="LAPTOP-O877SD89" failures="0" tests="33" name="keralaTourismAutomationPlaywrightJava.FormValidationRefactored" time="15.728" errors="0" timestamp="2025-11-08T20:34:10 IST" skipped="0">
  <testcase classname="keralaTourismAutomationPlaywrightJava.FormValidationRefactored" name="loginEmptyPassword" time="0.222"/>
  <testcase classname="keralaTourismAutomationPlaywrightJava.FormValidationRefactored" name="signupEmptyName" time="0.282"/>
  <testcase classname="keralaTourismAutomationPlaywrightJava.FormValidationRefactored" name="loginInvalidPassword" time="0.193"/>
  <testcase classname="keralaTourismAutomationPlaywrightJava.FormValidationRefactored" name="signupEmptyPassword2" time="0.228"/>
  <testcase classname="keralaTourismAutomationPlaywrightJava.FormValidationRefactored" name="signupEmptyPassword1" time="0.252"/>
  <testcase classname="keralaTourismAutomationPlaywrightJava.FormValidationRefactored" name="loginEmptyEmail" time="0.189"/>
  <testcase classname="keralaTourismAutomationPlaywrightJava.FormValidationRefactored" name="loginInvalidPassword" time="0.196"/>
  <testcase classname="keralaTourismAutomationPlaywrightJava.FormValidationRefactored" name="signupEmptyEmail" time="0.495"/>
  <testcase classname="keralaTourismAutomationPlaywrightJava.FormValidationRefactored" name="validatingLoginForm" time="0.304"/>
  <testcase classname="keralaTourismAutomationPlaywrightJava.FormValidationRefactored" name="signupEmptyEmail" time="0.266"/>
  <testcase classname="keralaTourismAutomationPlaywrightJava.FormValidationRefactored" name="signupEmptyPassword2" time="0.222"/>
  <testcase classname="keralaTourismAutomationPlaywrightJava.FormValidationRefactored" name="loginEmptyPassword" time="0.201"/>
  <testcase classname="keralaTourismAutomationPlaywrightJava.FormValidationRefactored" name="validatingLoginForm" time="0.395"/>
  <testcase classname="keralaTourismAutomationPlaywrightJava.FormValidationRefactored" name="loginInvalidEmail" time="0.224"/>
  <testcase classname="keralaTourismAutomationPlaywrightJava.FormValidationRefactored" name="loginBothEmptyFields" time="5.294"/>
  <testcase classname="keralaTourismAutomationPlaywrightJava.FormValidationRefactored" name="signupEmptyEmail" time="0.322"/>
  <testcase classname="keralaTourismAutomationPlaywrightJava.FormValidationRefactored" name="signupEmptyName" time="0.492"/>
  <testcase classname="keralaTourismAutomationPlaywrightJava.FormValidationRefactored" name="signupEmptyPassword1" time="0.235"/>
  <testcase classname="keralaTourismAutomationPlaywrightJava.FormValidationRefactored" name="loginBothEmptyFields" time="1.436"/>
  <testcase classname="keralaTourismAutomationPlaywrightJava.FormValidationRefactored" name="loginInvalidEmail" time="0.255"/>
  <testcase classname="keralaTourismAutomationPlaywrightJava.FormValidationRefactored" name="signupPasswordMismatch" time="0.148"/>
  <testcase classname="keralaTourismAutomationPlaywrightJava.FormValidationRefactored" name="signupPasswordMismatch" time="0.162"/>
  <testcase classname="keralaTourismAutomationPlaywrightJava.FormValidationRefactored" name="loginEmptyEmail" time="0.214"/>
  <testcase classname="keralaTourismAutomationPlaywrightJava.FormValidationRefactored" name="signupEmptyName" time="0.336"/>
  <testcase classname="keralaTourismAutomationPlaywrightJava.FormValidationRefactored" name="signupEmptyPassword2" time="0.241"/>
  <testcase classname="keralaTourismAutomationPlaywrightJava.FormValidationRefactored" name="signupPasswordMismatch" time="0.148"/>
  <testcase classname="keralaTourismAutomationPlaywrightJava.FormValidationRefactored" name="validatingLoginForm" time="0.312"/>
  <testcase classname="keralaTourismAutomationPlaywrightJava.FormValidationRefactored" name="loginEmptyPassword" time="0.277"/>
  <testcase classname="keralaTourismAutomationPlaywrightJava.FormValidationRefactored" name="loginEmptyEmail" time="0.197"/>
  <testcase classname="keralaTourismAutomationPlaywrightJava.FormValidationRefactored" name="loginBothEmptyFields" time="1.377"/>
  <testcase classname="keralaTourismAutomationPlaywrightJava.FormValidationRefactored" name="loginInvalidEmail" time="0.185"/>
  <testcase classname="keralaTourismAutomationPlaywrightJava.FormValidationRefactored" name="signupEmptyPassword1" time="0.243"/>
  <testcase classname="keralaTourismAutomationPlaywrightJava.FormValidationRefactored" name="loginInvalidPassword" time="0.185"/>
</testsuite> <!-- keralaTourismAutomationPlaywrightJava.FormValidationRefactored -->
