<?xml version="1.0" encoding="UTF-8"?>
<!-- Generated by org.testng.reporters.JUnitReportReporter -->
<testsuite hostname="LAPTOP-O877SD89" failures="0" tests="1" name="keralaTourismAutomationPlaywrightJava.PerformanceTestUingPageLoadTime" time="4.204" errors="0" timestamp="2025-10-18T16:40:46 IST" skipped="0">
  <testcase classname="keralaTourismAutomationPlaywrightJava.PerformanceTestUingPageLoadTime" name="measurePageLoadTime" time="4.204"/>
</testsuite> <!-- keralaTourismAutomationPlaywrightJava.PerformanceTestUingPageLoadTime -->
