<?xml version="1.0" encoding="UTF-8"?>
<!-- Generated by org.testng.reporters.JUnitReportReporter -->
<testsuite hostname="LAPTOP-O877SD89" failures="0" tests="3" name="keralaTourismAutomationPlaywrightJava.PerformanceTestUsingPageLoadTime" time="7.763" errors="0" timestamp="2025-11-08T20:34:10 IST" skipped="0">
  <testcase classname="keralaTourismAutomationPlaywrightJava.PerformanceTestUsingPageLoadTime" name="measurePageLoadTime" time="3.181"/>
  <testcase classname="keralaTourismAutomationPlaywrightJava.PerformanceTestUsingPageLoadTime" name="measurePageLoadTime" time="1.593"/>
  <testcase classname="keralaTourismAutomationPlaywrightJava.PerformanceTestUsingPageLoadTime" name="measurePageLoadTime" time="2.989"/>
</testsuite> <!-- keralaTourismAutomationPlaywrightJava.PerformanceTestUsingPageLoadTime -->
