<?xml version="1.0" encoding="UTF-8"?>
<!-- Generated by org.testng.reporters.JUnitReportReporter -->
<testsuite hostname="LAPTOP-O877SD89" failures="0" tests="12" name="keralaTourismAutomationPlaywrightJava.FormValidation" time="4.296" errors="0" timestamp="2025-10-18T16:33:32 IST" skipped="0">
  <testcase classname="keralaTourismAutomationPlaywrightJava.FormValidation" name="signupPasswordMismatch" time="0.243"/>
  <testcase classname="keralaTourismAutomationPlaywrightJava.FormValidation" name="loginInvalidEmail" time="0.342"/>
  <testcase classname="keralaTourismAutomationPlaywrightJava.FormValidation" name="signupEmptyPhone" time="0.234"/>
  <testcase classname="keralaTourismAutomationPlaywrightJava.FormValidation" name="loginBothEmptyFields" time="0.967"/>
  <testcase classname="keralaTourismAutomationPlaywrightJava.FormValidation" name="loginEmptyPassword" time="0.316"/>
  <testcase classname="keralaTourismAutomationPlaywrightJava.FormValidation" name="signupEmptyEmail" time="0.359"/>
  <testcase classname="keralaTourismAutomationPlaywrightJava.FormValidation" name="signupEmptyPassword2" time="0.265"/>
  <testcase classname="keralaTourismAutomationPlaywrightJava.FormValidation" name="loginEmptyEmail" time="0.218"/>
  <testcase classname="keralaTourismAutomationPlaywrightJava.FormValidation" name="signupEmptyName" time="0.358"/>
  <testcase classname="keralaTourismAutomationPlaywrightJava.FormValidation" name="loginInvalidPassword" time="0.281"/>
  <testcase classname="keralaTourismAutomationPlaywrightJava.FormValidation" name="signupEmptyPassword1" time="0.274"/>
  <testcase classname="keralaTourismAutomationPlaywrightJava.FormValidation" name="validatingLoginForm" time="0.439"/>
</testsuite> <!-- keralaTourismAutomationPlaywrightJava.FormValidation -->
